2024-03-03 at 12:12:54 CST DEBUG org.springframework.context.support.AbstractApplicationContext 630 prepareRefresh - Refreshing org.springframework.context.support.ClassPathXmlApplicationContext@6475472c
2024-03-03 at 12:12:54 CST DEBUG org.springframework.beans.factory.xml.XmlBeanDefinitionReader 402 doLoadBeanDefinitions - Loaded 1 bean definitions from class path resource [bean-di.xml]
2024-03-03 at 12:12:54 CST DEBUG org.springframework.beans.factory.support.DefaultSingletonBeanRegistry 225 getSingleton - Creating shared instance of singleton bean 'book'
2024-03-03 at 12:21:44 CST DEBUG org.springframework.context.support.AbstractApplicationContext 630 prepareRefresh - Refreshing org.springframework.context.support.ClassPathXmlApplicationContext@5c8504fd
2024-03-03 at 12:21:44 CST DEBUG org.springframework.beans.factory.xml.XmlBeanDefinitionReader 402 doLoadBeanDefinitions - Loaded 1 bean definitions from class path resource [bean-di.xml]
2024-03-03 at 12:21:44 CST DEBUG org.springframework.beans.factory.support.DefaultSingletonBeanRegistry 225 getSingleton - Creating shared instance of singleton bean 'bookCon'
2024-03-03 at 12:21:54 CST DEBUG org.springframework.context.support.AbstractApplicationContext 630 prepareRefresh - Refreshing org.springframework.context.support.ClassPathXmlApplicationContext@5c8504fd
2024-03-03 at 12:21:54 CST DEBUG org.springframework.beans.factory.xml.XmlBeanDefinitionReader 402 doLoadBeanDefinitions - Loaded 1 bean definitions from class path resource [bean-di.xml]
2024-03-03 at 12:21:54 CST DEBUG org.springframework.beans.factory.support.DefaultSingletonBeanRegistry 225 getSingleton - Creating shared instance of singleton bean 'bookCon'
2024-03-04 at 18:17:24 CST DEBUG org.springframework.context.support.AbstractApplicationContext 630 prepareRefresh - Refreshing org.springframework.context.support.ClassPathXmlApplicationContext@3d3ba765
2024-03-04 at 18:17:24 CST DEBUG org.springframework.beans.factory.xml.XmlBeanDefinitionReader 402 doLoadBeanDefinitions - Loaded 2 bean definitions from class path resource [bean-jdbc.xml]
2024-03-04 at 18:17:24 CST DEBUG org.springframework.beans.factory.support.DefaultSingletonBeanRegistry 225 getSingleton - Creating shared instance of singleton bean 'org.springframework.context.support.PropertySourcesPlaceholderConfigurer#0'
2024-03-04 at 18:17:24 CST DEBUG org.springframework.core.env.PropertySourcesPropertyResolver 115 logKeyFound - Found key 'jdbc.url' in PropertySource 'localProperties' with value of type String
2024-03-04 at 18:17:24 CST DEBUG org.springframework.core.env.PropertySourcesPropertyResolver 115 logKeyFound - Found key 'jdbc.user' in PropertySource 'localProperties' with value of type String
2024-03-04 at 18:17:24 CST DEBUG org.springframework.core.env.PropertySourcesPropertyResolver 115 logKeyFound - Found key 'jdbc.password' in PropertySource 'localProperties' with value of type String
2024-03-04 at 18:17:24 CST DEBUG org.springframework.core.env.PropertySourcesPropertyResolver 115 logKeyFound - Found key 'jdbc.driver' in PropertySource 'localProperties' with value of type String
2024-03-04 at 18:17:24 CST DEBUG org.springframework.beans.factory.support.DefaultSingletonBeanRegistry 225 getSingleton - Creating shared instance of singleton bean 'jdbc'
2024-03-04 at 18:17:57 CST DEBUG org.springframework.context.support.AbstractApplicationContext 630 prepareRefresh - Refreshing org.springframework.context.support.ClassPathXmlApplicationContext@3d3ba765
2024-03-04 at 18:17:57 CST DEBUG org.springframework.beans.factory.xml.XmlBeanDefinitionReader 402 doLoadBeanDefinitions - Loaded 2 bean definitions from class path resource [bean-jdbc.xml]
2024-03-04 at 18:17:57 CST DEBUG org.springframework.beans.factory.support.DefaultSingletonBeanRegistry 225 getSingleton - Creating shared instance of singleton bean 'org.springframework.context.support.PropertySourcesPlaceholderConfigurer#0'
2024-03-04 at 18:17:57 CST DEBUG org.springframework.core.env.PropertySourcesPropertyResolver 115 logKeyFound - Found key 'jdbc.url' in PropertySource 'localProperties' with value of type String
2024-03-04 at 18:17:57 CST DEBUG org.springframework.core.env.PropertySourcesPropertyResolver 115 logKeyFound - Found key 'jdbc.user' in PropertySource 'localProperties' with value of type String
2024-03-04 at 18:17:57 CST DEBUG org.springframework.core.env.PropertySourcesPropertyResolver 115 logKeyFound - Found key 'jdbc.password' in PropertySource 'localProperties' with value of type String
2024-03-04 at 18:17:57 CST DEBUG org.springframework.core.env.PropertySourcesPropertyResolver 115 logKeyFound - Found key 'jdbc.driver' in PropertySource 'localProperties' with value of type String
2024-03-04 at 18:17:57 CST DEBUG org.springframework.beans.factory.support.DefaultSingletonBeanRegistry 225 getSingleton - Creating shared instance of singleton bean 'jdbc'
